
=== Tue Apr 30 22:02:20 2019

Packages were changed.
Update Mode: mergeDefaultDependencies

The following packages were added:
  com.unity.timeline@1.0.0
The following packages were updated:
  com.unity.analytics from version 3.2.2 to 3.3.2
  com.unity.collab-proxy from version 1.2.9 to 1.2.16
  com.unity.package-manager-ui from version 2.1.1 to 2.1.2
  com.unity.purchasing from version 2.0.1 to 2.0.6
  com.unity.textmeshpro from version 1.3.0 to 2.0.0

=== Fri Feb 12 09:33:18 2021

Packages were changed.
Update Mode: updateDependencies

The following packages were added:
  com.unity.2d.sprite@1.0.0
  com.unity.2d.tilemap@1.0.0
  com.unity.ide.rider@1.1.4
  com.unity.ide.vscode@1.2.3
  com.unity.modules.androidjni@1.0.0
  com.unity.test-framework@1.1.22
  com.unity.ugui@1.0.0
The following packages were updated:
  com.unity.render-pipelines.lightweight from version 5.7.2 to 7.3.1
  com.unity.textmeshpro from version 2.0.0 to 2.0.1
  com.unity.timeline from version 1.0.0 to 1.2.6
The following packages were removed:
  com.unity.package-manager-ui@2.1.2

=== Sun Feb 21 12:29:49 2021

Packages were changed.
Update Mode: updateDependencies

The following packages were added:
  com.unity.ide.visualstudio@2.0.5
The following packages were updated:
  com.unity.ide.rider from version 1.1.4 to 2.0.7
  com.unity.render-pipelines.lightweight from version 7.3.1 to 10.3.1
  com.unity.textmeshpro from version 2.0.1 to 3.0.1

=== Sat Mar 13 12:46:47 2021

Packages were changed.
Update Mode: updateDependencies

The following packages were updated:
  com.unity.ide.visualstudio from version 2.0.5 to 2.0.7
  com.unity.render-pipelines.lightweight from version 10.3.1 to 10.3.2
  com.unity.timeline from version 1.2.6 to 1.4.6
